  aes.c
C:\DriverCodes\HideDriver\NickolasZhao\DiviceClient\aes.c(1,1): warning C4819: 该文件包含不能在当前代码页(936)中表示的字符。请将该文件保存为 Unicode 格式以防止数据丢失
  Caller.c
C:\DriverCodes\HideDriver\NickolasZhao\SSS_Drivers\Comm\CommStructs.h(59,2): warning C4091: “typedef ”: 没有声明变量时忽略“_COMM_TYPE”的左侧
C:\DriverCodes\HideDriver\NickolasZhao\DiviceClient\driver_shellcode.h(1,1): warning C4335: 检测到 Mac 文件格式: 请将源文件转换为 DOS 格式或 UNIX 格式
C:\DriverCodes\HideDriver\NickolasZhao\DiviceClient\Comm\Caller.c(48,26): warning C4013: “time”未定义；假设外部返回 int
C:\DriverCodes\HideDriver\NickolasZhao\DiviceClient\Comm\Caller.c(131,1): warning C4273: “_InitReg”: dll 链接不一致
C:\DriverCodes\HideDriver\NickolasZhao\DiviceClient\Comm\Caller.h(15,31): message : 参见“_InitReg”的前一个定义
C:\DriverCodes\HideDriver\NickolasZhao\DiviceClient\Comm\Caller.c(143,28): warning C4244: “=”: 从“LONGLONG”转换到“ULONG”，可能丢失数据
C:\DriverCodes\HideDriver\NickolasZhao\DiviceClient\Comm\Caller.c(178,1): warning C4273: “_PhyReadMemory”: dll 链接不一致
C:\DriverCodes\HideDriver\NickolasZhao\DiviceClient\Comm\Caller.h(25,29): message : 参见“_PhyReadMemory”的前一个定义
C:\DriverCodes\HideDriver\NickolasZhao\DiviceClient\Comm\Caller.c(190,1): warning C4273: “_PhyWriteMemory”: dll 链接不一致
C:\DriverCodes\HideDriver\NickolasZhao\DiviceClient\Comm\Caller.h(34,29): message : 参见“_PhyWriteMemory”的前一个定义
C:\DriverCodes\HideDriver\NickolasZhao\DiviceClient\Comm\Caller.c(201,56): warning C4273: “_ProtectProcess”: dll 链接不一致
C:\DriverCodes\HideDriver\NickolasZhao\DiviceClient\Comm\Caller.h(42,29): message : 参见“_ProtectProcess”的前一个定义
C:\DriverCodes\HideDriver\NickolasZhao\DiviceClient\Comm\Caller.c(219,1): warning C4273: “_AntiSnapShotWindow”: dll 链接不一致
C:\DriverCodes\HideDriver\NickolasZhao\DiviceClient\Comm\Caller.h(55,29): message : 参见“_AntiSnapShotWindow”的前一个定义
C:\DriverCodes\HideDriver\NickolasZhao\DiviceClient\Comm\Caller.c(227,1): warning C4273: “_ProtectWindow”: dll 链接不一致
C:\DriverCodes\HideDriver\NickolasZhao\DiviceClient\Comm\Caller.h(48,29): message : 参见“_ProtectWindow”的前一个定义
C:\DriverCodes\HideDriver\NickolasZhao\DiviceClient\Comm\Caller.c(235,1): warning C4273: “_QueryModule”: dll 链接不一致
C:\DriverCodes\HideDriver\NickolasZhao\DiviceClient\Comm\Caller.h(66,29): message : 参见“_QueryModule”的前一个定义
C:\DriverCodes\HideDriver\NickolasZhao\DiviceClient\Comm\Caller.c(253,1): warning C4273: “_AllocateMem”: dll 链接不一致
C:\DriverCodes\HideDriver\NickolasZhao\DiviceClient\Comm\Caller.h(88,29): message : 参见“_AllocateMem”的前一个定义
C:\DriverCodes\HideDriver\NickolasZhao\DiviceClient\Comm\Caller.c(269,1): warning C4273: “_QueryVADModule”: dll 链接不一致
C:\DriverCodes\HideDriver\NickolasZhao\DiviceClient\Comm\Caller.h(77,29): message : 参见“_QueryVADModule”的前一个定义
C:\DriverCodes\HideDriver\NickolasZhao\DiviceClient\Comm\Caller.c(291,1): warning C4273: “_CreateMyThread”: dll 链接不一致
C:\DriverCodes\HideDriver\NickolasZhao\DiviceClient\Comm\Caller.h(98,29): message : 参见“_CreateMyThread”的前一个定义
C:\DriverCodes\HideDriver\NickolasZhao\DiviceClient\Comm\Caller.c(302,1): warning C4273: “_ProtectProcessR3_Add”: dll 链接不一致
C:\DriverCodes\HideDriver\NickolasZhao\DiviceClient\Comm\Caller.h(106,29): message : 参见“_ProtectProcessR3_Add”的前一个定义
C:\DriverCodes\HideDriver\NickolasZhao\DiviceClient\Comm\Caller.c(310,43): warning C4273: “_ProtectProcessR3_Remove”: dll 链接不一致
C:\DriverCodes\HideDriver\NickolasZhao\DiviceClient\Comm\Caller.h(113,29): message : 参见“_ProtectProcessR3_Remove”的前一个定义
C:\DriverCodes\HideDriver\NickolasZhao\DiviceClient\Comm\Caller.c(318,73): warning C4273: “ConvertString2Pattern”: dll 链接不一致
C:\DriverCodes\HideDriver\NickolasZhao\DiviceClient\Comm\Caller.h(172,28): message : 参见“ConvertString2Pattern”的前一个定义
C:\DriverCodes\HideDriver\NickolasZhao\DiviceClient\Comm\Caller.c(322,36): warning C4098: “ConvertString2Pattern”:“void”函数返回值
C:\DriverCodes\HideDriver\NickolasZhao\DiviceClient\Comm\Caller.c(334,1): warning C4273: “ConvertCEPattern”: dll 链接不一致
C:\DriverCodes\HideDriver\NickolasZhao\DiviceClient\Comm\Caller.h(181,28): message : 参见“ConvertCEPattern”的前一个定义
C:\DriverCodes\HideDriver\NickolasZhao\DiviceClient\Comm\Caller.c(338,1): warning C4273: “_SearchPattern”: dll 链接不一致
C:\DriverCodes\HideDriver\NickolasZhao\DiviceClient\Comm\Caller.h(125,29): message : 参见“_SearchPattern”的前一个定义
C:\DriverCodes\HideDriver\NickolasZhao\DiviceClient\Comm\Caller.c(355,63): warning C4273: “_InjectX64DLL”: dll 链接不一致
C:\DriverCodes\HideDriver\NickolasZhao\DiviceClient\Comm\Caller.h(135,30): message : 参见“_InjectX64DLL”的前一个定义
C:\DriverCodes\HideDriver\NickolasZhao\DiviceClient\Comm\Caller.c(374,114): warning C4273: “_WriteDLL”: dll 链接不一致
C:\DriverCodes\HideDriver\NickolasZhao\DiviceClient\Comm\Caller.h(164,29): message : 参见“_WriteDLL”的前一个定义
C:\DriverCodes\HideDriver\NickolasZhao\DiviceClient\Comm\Caller.c(396,101): warning C4273: “_GetModuleExportAddr2”: dll 链接不一致
C:\DriverCodes\HideDriver\NickolasZhao\DiviceClient\Comm\Caller.h(153,29): message : 参见“_GetModuleExportAddr2”的前一个定义
C:\DriverCodes\HideDriver\NickolasZhao\DiviceClient\Comm\Caller.c(411,79): warning C4273: “_CALL_MAIN_THREAD”: dll 链接不一致
C:\DriverCodes\HideDriver\NickolasZhao\DiviceClient\Comm\Caller.h(201,29): message : 参见“_CALL_MAIN_THREAD”的前一个定义
C:\DriverCodes\HideDriver\NickolasZhao\DiviceClient\Comm\Caller.c(423,69): warning C4273: “_CHANGE_MEMORY_ATTR”: dll 链接不一致
C:\DriverCodes\HideDriver\NickolasZhao\DiviceClient\Comm\Caller.h(191,29): message : 参见“_CHANGE_MEMORY_ATTR”的前一个定义
  CommR3.c
C:\DriverCodes\HideDriver\NickolasZhao\SSS_Drivers\Comm\CommStructs.h(59,2): warning C4091: “typedef ”: 没有声明变量时忽略“_COMM_TYPE”的左侧
C:\DriverCodes\HideDriver\NickolasZhao\DiviceClient\Comm\CommR3.c(21,22): warning C4244: “=”: 从“ULONG”转换到“UCHAR”，可能丢失数据
C:\DriverCodes\HideDriver\NickolasZhao\DiviceClient\Comm\CommR3.c(23,29): warning C4244: “=”: 从“ULONG”转换到“UCHAR”，可能丢失数据
C:\DriverCodes\HideDriver\NickolasZhao\DiviceClient\Comm\CommR3.c(26,43): warning C4047: “函数”:“LPARAM”与“COMM_DATA *”的间接级别不同
C:\DriverCodes\HideDriver\NickolasZhao\DiviceClient\Comm\CommR3.c(26,34): warning C4024: “SetMessageExtraInfo”: 形参和实参 1 的类型不同
  inject.c
  main.c
C:\DriverCodes\HideDriver\NickolasZhao\SSS_Drivers\Comm\CommStructs.h(59,2): warning C4091: “typedef ”: 没有声明变量时忽略“_COMM_TYPE”的左侧
C:\DriverCodes\HideDriver\NickolasZhao\DiviceClient\main.c(77,10): warning C4477: “scanf_s”: 格式字符串“%d”需要类型“int *”的参数，但可变参数 1 拥有了类型“char *”
C:\DriverCodes\HideDriver\NickolasZhao\DiviceClient\main.c(77,10): message : 请考虑在格式字符串中使用“%hhd”
C:\DriverCodes\HideDriver\NickolasZhao\DiviceClient\main.c(85,22): warning C4020: “TestComm”: 实参太多
C:\DriverCodes\HideDriver\NickolasZhao\DiviceClient\main.c(108,21): warning C4013: “AntiSnapShotWindow”未定义；假设外部返回 int
C:\DriverCodes\HideDriver\NickolasZhao\DiviceClient\main.c(116,11): warning C4477: “scanf_s”: 格式字符串“%llx”需要类型“unsigned __int64 *”的参数，但可变参数 1 拥有了类型“PVOID *”
C:\DriverCodes\HideDriver\NickolasZhao\DiviceClient\main.c(129,11): warning C4477: “scanf_s”: 格式字符串“%llx”需要类型“unsigned __int64 *”的参数，但可变参数 1 拥有了类型“PVOID *”
C:\DriverCodes\HideDriver\NickolasZhao\DiviceClient\main.c(166,29): warning C4047: “函数”:“PUCHAR”与“ULONG”的间接级别不同
C:\DriverCodes\HideDriver\NickolasZhao\DiviceClient\main.c(166,23): warning C4024: “CreateMyThread”: 形参和实参 2 的类型不同
C:\DriverCodes\HideDriver\NickolasZhao\DiviceClient\main.c(166,37): warning C4047: “函数”:“ULONG”与“PUCHAR”的间接级别不同
C:\DriverCodes\HideDriver\NickolasZhao\DiviceClient\main.c(166,31): warning C4024: “CreateMyThread”: 形参和实参 3 的类型不同
C:\DriverCodes\HideDriver\NickolasZhao\DiviceClient\main.c(166,39): warning C4020: “CreateMyThread”: 实参太多
C:\DriverCodes\HideDriver\NickolasZhao\DiviceClient\main.c(238,11): warning C4477: “scanf_s”: 格式字符串“%d”需要类型“int *”的参数，但可变参数 1 拥有了类型“UCHAR *”
C:\DriverCodes\HideDriver\NickolasZhao\DiviceClient\main.c(238,11): message : 请考虑在格式字符串中使用“%hhd”
C:\DriverCodes\HideDriver\NickolasZhao\DiviceClient\main.c(247,11): warning C4477: “scanf_s”: 格式字符串“%llx”需要类型“unsigned __int64 *”的参数，但可变参数 1 拥有了类型“PVOID *”
  Example.c
C:\DriverCodes\HideDriver\NickolasZhao\SSS_Drivers\Comm\CommStructs.h(59,2): warning C4091: “typedef ”: 没有声明变量时忽略“_COMM_TYPE”的左侧
C:\Windows Kits\10\Include\10.0.19041.0\shared\ntstatus.h(66,1): warning C4005: “STATUS_WAIT_0”: 宏重定义
C:\Windows Kits\10\Include\10.0.19041.0\um\winnt.h(2510): message : 参见“STATUS_WAIT_0”的前一个定义
C:\Windows Kits\10\Include\10.0.19041.0\shared\ntstatus.h(222,1): warning C4005: “STATUS_ABANDONED_WAIT_0”: 宏重定义
C:\Windows Kits\10\Include\10.0.19041.0\um\winnt.h(2511): message : 参见“STATUS_ABANDONED_WAIT_0”的前一个定义
C:\Windows Kits\10\Include\10.0.19041.0\shared\ntstatus.h(245,1): warning C4005: “STATUS_USER_APC”: 宏重定义
C:\Windows Kits\10\Include\10.0.19041.0\um\winnt.h(2512): message : 参见“STATUS_USER_APC”的前一个定义
C:\Windows Kits\10\Include\10.0.19041.0\shared\ntstatus.h(281,1): warning C4005: “STATUS_TIMEOUT”: 宏重定义
C:\Windows Kits\10\Include\10.0.19041.0\um\winnt.h(2513): message : 参见“STATUS_TIMEOUT”的前一个定义
C:\Windows Kits\10\Include\10.0.19041.0\shared\ntstatus.h(290,1): warning C4005: “STATUS_PENDING”: 宏重定义
C:\Windows Kits\10\Include\10.0.19041.0\um\winnt.h(2514): message : 参见“STATUS_PENDING”的前一个定义
C:\Windows Kits\10\Include\10.0.19041.0\shared\ntstatus.h(737,1): warning C4005: “DBG_EXCEPTION_HANDLED”: 宏重定义
C:\Windows Kits\10\Include\10.0.19041.0\um\winnt.h(2515): message : 参见“DBG_EXCEPTION_HANDLED”的前一个定义
C:\Windows Kits\10\Include\10.0.19041.0\shared\ntstatus.h(746,1): warning C4005: “DBG_CONTINUE”: 宏重定义
C:\Windows Kits\10\Include\10.0.19041.0\um\winnt.h(2516): message : 参见“DBG_CONTINUE”的前一个定义
C:\Windows Kits\10\Include\10.0.19041.0\shared\ntstatus.h(821,1): warning C4005: “STATUS_SEGMENT_NOTIFICATION”: 宏重定义
C:\Windows Kits\10\Include\10.0.19041.0\um\winnt.h(2517): message : 参见“STATUS_SEGMENT_NOTIFICATION”的前一个定义
C:\Windows Kits\10\Include\10.0.19041.0\shared\ntstatus.h(984,1): warning C4005: “STATUS_FATAL_APP_EXIT”: 宏重定义
C:\Windows Kits\10\Include\10.0.19041.0\um\winnt.h(2518): message : 参见“STATUS_FATAL_APP_EXIT”的前一个定义
C:\Windows Kits\10\Include\10.0.19041.0\shared\ntstatus.h(1304,1): warning C4005: “DBG_REPLY_LATER”: 宏重定义
C:\Windows Kits\10\Include\10.0.19041.0\um\winnt.h(2519): message : 参见“DBG_REPLY_LATER”的前一个定义
C:\Windows Kits\10\Include\10.0.19041.0\shared\ntstatus.h(1322,1): warning C4005: “DBG_TERMINATE_THREAD”: 宏重定义
C:\Windows Kits\10\Include\10.0.19041.0\um\winnt.h(2520): message : 参见“DBG_TERMINATE_THREAD”的前一个定义
C:\Windows Kits\10\Include\10.0.19041.0\shared\ntstatus.h(1331,1): warning C4005: “DBG_TERMINATE_PROCESS”: 宏重定义
C:\Windows Kits\10\Include\10.0.19041.0\um\winnt.h(2521): message : 参见“DBG_TERMINATE_PROCESS”的前一个定义
C:\Windows Kits\10\Include\10.0.19041.0\shared\ntstatus.h(1340,1): warning C4005: “DBG_CONTROL_C”: 宏重定义
C:\Windows Kits\10\Include\10.0.19041.0\um\winnt.h(2522): message : 参见“DBG_CONTROL_C”的前一个定义
C:\Windows Kits\10\Include\10.0.19041.0\shared\ntstatus.h(1349,1): warning C4005: “DBG_PRINTEXCEPTION_C”: 宏重定义
C:\Windows Kits\10\Include\10.0.19041.0\um\winnt.h(2523): message : 参见“DBG_PRINTEXCEPTION_C”的前一个定义
C:\Windows Kits\10\Include\10.0.19041.0\shared\ntstatus.h(1358,1): warning C4005: “DBG_RIPEXCEPTION”: 宏重定义
C:\Windows Kits\10\Include\10.0.19041.0\um\winnt.h(2524): message : 参见“DBG_RIPEXCEPTION”的前一个定义
C:\Windows Kits\10\Include\10.0.19041.0\shared\ntstatus.h(1367,1): warning C4005: “DBG_CONTROL_BREAK”: 宏重定义
C:\Windows Kits\10\Include\10.0.19041.0\um\winnt.h(2525): message : 参见“DBG_CONTROL_BREAK”的前一个定义
C:\Windows Kits\10\Include\10.0.19041.0\shared\ntstatus.h(1376,1): warning C4005: “DBG_COMMAND_EXCEPTION”: 宏重定义
C:\Windows Kits\10\Include\10.0.19041.0\um\winnt.h(2526): message : 参见“DBG_COMMAND_EXCEPTION”的前一个定义
C:\Windows Kits\10\Include\10.0.19041.0\shared\ntstatus.h(1385,1): warning C4005: “DBG_PRINTEXCEPTION_WIDE_C”: 宏重定义
C:\Windows Kits\10\Include\10.0.19041.0\um\winnt.h(2527): message : 参见“DBG_PRINTEXCEPTION_WIDE_C”的前一个定义
C:\Windows Kits\10\Include\10.0.19041.0\shared\ntstatus.h(1417,1): warning C4005: “STATUS_GUARD_PAGE_VIOLATION”: 宏重定义
C:\Windows Kits\10\Include\10.0.19041.0\um\winnt.h(2528): message : 参见“STATUS_GUARD_PAGE_VIOLATION”的前一个定义
C:\Windows Kits\10\Include\10.0.19041.0\shared\ntstatus.h(1428,1): warning C4005: “STATUS_DATATYPE_MISALIGNMENT”: 宏重定义
C:\Windows Kits\10\Include\10.0.19041.0\um\winnt.h(2529): message : 参见“STATUS_DATATYPE_MISALIGNMENT”的前一个定义
C:\Windows Kits\10\Include\10.0.19041.0\shared\ntstatus.h(1439,1): warning C4005: “STATUS_BREAKPOINT”: 宏重定义
C:\Windows Kits\10\Include\10.0.19041.0\um\winnt.h(2530): message : 参见“STATUS_BREAKPOINT”的前一个定义
C:\Windows Kits\10\Include\10.0.19041.0\shared\ntstatus.h(1450,1): warning C4005: “STATUS_SINGLE_STEP”: 宏重定义
C:\Windows Kits\10\Include\10.0.19041.0\um\winnt.h(2531): message : 参见“STATUS_SINGLE_STEP”的前一个定义
C:\Windows Kits\10\Include\10.0.19041.0\shared\ntstatus.h(1753,1): warning C4005: “STATUS_LONGJUMP”: 宏重定义
C:\Windows Kits\10\Include\10.0.19041.0\um\winnt.h(2532): message : 参见“STATUS_LONGJUMP”的前一个定义
C:\Windows Kits\10\Include\10.0.19041.0\shared\ntstatus.h(1780,1): warning C4005: “STATUS_UNWIND_CONSOLIDATE”: 宏重定义
C:\Windows Kits\10\Include\10.0.19041.0\um\winnt.h(2533): message : 参见“STATUS_UNWIND_CONSOLIDATE”的前一个定义
C:\Windows Kits\10\Include\10.0.19041.0\shared\ntstatus.h(1884,1): warning C4005: “DBG_EXCEPTION_NOT_HANDLED”: 宏重定义
C:\Windows Kits\10\Include\10.0.19041.0\um\winnt.h(2534): message : 参见“DBG_EXCEPTION_NOT_HANDLED”的前一个定义
C:\Windows Kits\10\Include\10.0.19041.0\shared\ntstatus.h(2030,1): warning C4005: “STATUS_ACCESS_VIOLATION”: 宏重定义
C:\Windows Kits\10\Include\10.0.19041.0\um\winnt.h(2535): message : 参见“STATUS_ACCESS_VIOLATION”的前一个定义
C:\Windows Kits\10\Include\10.0.19041.0\shared\ntstatus.h(2039,1): warning C4005: “STATUS_IN_PAGE_ERROR”: 宏重定义
C:\Windows Kits\10\Include\10.0.19041.0\um\winnt.h(2536): message : 参见“STATUS_IN_PAGE_ERROR”的前一个定义
C:\Windows Kits\10\Include\10.0.19041.0\shared\ntstatus.h(2057,1): warning C4005: “STATUS_INVALID_HANDLE”: 宏重定义
C:\Windows Kits\10\Include\10.0.19041.0\um\winnt.h(2537): message : 参见“STATUS_INVALID_HANDLE”的前一个定义
C:\Windows Kits\10\Include\10.0.19041.0\shared\ntstatus.h(2102,1): warning C4005: “STATUS_INVALID_PARAMETER”: 宏重定义
C:\Windows Kits\10\Include\10.0.19041.0\um\winnt.h(2538): message : 参见“STATUS_INVALID_PARAMETER”的前一个定义
C:\Windows Kits\10\Include\10.0.19041.0\shared\ntstatus.h(2202,1): warning C4005: “STATUS_NO_MEMORY”: 宏重定义
C:\Windows Kits\10\Include\10.0.19041.0\um\winnt.h(2539): message : 参见“STATUS_NO_MEMORY”的前一个定义
C:\Windows Kits\10\Include\10.0.19041.0\shared\ntstatus.h(2259,1): warning C4005: “STATUS_ILLEGAL_INSTRUCTION”: 宏重定义
C:\Windows Kits\10\Include\10.0.19041.0\um\winnt.h(2540): message : 参见“STATUS_ILLEGAL_INSTRUCTION”的前一个定义
C:\Windows Kits\10\Include\10.0.19041.0\shared\ntstatus.h(2340,1): warning C4005: “STATUS_NONCONTINUABLE_EXCEPTION”: 宏重定义
C:\Windows Kits\10\Include\10.0.19041.0\um\winnt.h(2541): message : 参见“STATUS_NONCONTINUABLE_EXCEPTION”的前一个定义
C:\Windows Kits\10\Include\10.0.19041.0\shared\ntstatus.h(2349,1): warning C4005: “STATUS_INVALID_DISPOSITION”: 宏重定义
C:\Windows Kits\10\Include\10.0.19041.0\um\winnt.h(2542): message : 参见“STATUS_INVALID_DISPOSITION”的前一个定义
C:\Windows Kits\10\Include\10.0.19041.0\shared\ntstatus.h(3282,1): warning C4005: “STATUS_ARRAY_BOUNDS_EXCEEDED”: 宏重定义
C:\Windows Kits\10\Include\10.0.19041.0\um\winnt.h(2543): message : 参见“STATUS_ARRAY_BOUNDS_EXCEEDED”的前一个定义
C:\Windows Kits\10\Include\10.0.19041.0\shared\ntstatus.h(3292,1): warning C4005: “STATUS_FLOAT_DENORMAL_OPERAND”: 宏重定义
C:\Windows Kits\10\Include\10.0.19041.0\um\winnt.h(2544): message : 参见“STATUS_FLOAT_DENORMAL_OPERAND”的前一个定义
C:\Windows Kits\10\Include\10.0.19041.0\shared\ntstatus.h(3302,1): warning C4005: “STATUS_FLOAT_DIVIDE_BY_ZERO”: 宏重定义
C:\Windows Kits\10\Include\10.0.19041.0\um\winnt.h(2545): message : 参见“STATUS_FLOAT_DIVIDE_BY_ZERO”的前一个定义
C:\Windows Kits\10\Include\10.0.19041.0\shared\ntstatus.h(3312,1): warning C4005: “STATUS_FLOAT_INEXACT_RESULT”: 宏重定义
C:\Windows Kits\10\Include\10.0.19041.0\um\winnt.h(2546): message : 参见“STATUS_FLOAT_INEXACT_RESULT”的前一个定义
C:\Windows Kits\10\Include\10.0.19041.0\shared\ntstatus.h(3322,1): warning C4005: “STATUS_FLOAT_INVALID_OPERATION”: 宏重定义
C:\Windows Kits\10\Include\10.0.19041.0\um\winnt.h(2547): message : 参见“STATUS_FLOAT_INVALID_OPERATION”的前一个定义
C:\Windows Kits\10\Include\10.0.19041.0\shared\ntstatus.h(3332,1): warning C4005: “STATUS_FLOAT_OVERFLOW”: 宏重定义
C:\Windows Kits\10\Include\10.0.19041.0\um\winnt.h(2548): message : 参见“STATUS_FLOAT_OVERFLOW”的前一个定义
C:\Windows Kits\10\Include\10.0.19041.0\shared\ntstatus.h(3342,1): warning C4005: “STATUS_FLOAT_STACK_CHECK”: 宏重定义
C:\Windows Kits\10\Include\10.0.19041.0\um\winnt.h(2549): message : 参见“STATUS_FLOAT_STACK_CHECK”的前一个定义
C:\Windows Kits\10\Include\10.0.19041.0\shared\ntstatus.h(3352,1): warning C4005: “STATUS_FLOAT_UNDERFLOW”: 宏重定义
C:\Windows Kits\10\Include\10.0.19041.0\um\winnt.h(2550): message : 参见“STATUS_FLOAT_UNDERFLOW”的前一个定义
C:\Windows Kits\10\Include\10.0.19041.0\shared\ntstatus.h(3362,1): warning C4005: “STATUS_INTEGER_DIVIDE_BY_ZERO”: 宏重定义
C:\Windows Kits\10\Include\10.0.19041.0\um\winnt.h(2551): message : 参见“STATUS_INTEGER_DIVIDE_BY_ZERO”的前一个定义
C:\Windows Kits\10\Include\10.0.19041.0\shared\ntstatus.h(3372,1): warning C4005: “STATUS_INTEGER_OVERFLOW”: 宏重定义
C:\Windows Kits\10\Include\10.0.19041.0\um\winnt.h(2552): message : 参见“STATUS_INTEGER_OVERFLOW”的前一个定义
C:\Windows Kits\10\Include\10.0.19041.0\shared\ntstatus.h(3382,1): warning C4005: “STATUS_PRIVILEGED_INSTRUCTION”: 宏重定义
C:\Windows Kits\10\Include\10.0.19041.0\um\winnt.h(2553): message : 参见“STATUS_PRIVILEGED_INSTRUCTION”的前一个定义
C:\Windows Kits\10\Include\10.0.19041.0\shared\ntstatus.h(4328,1): warning C4005: “STATUS_STACK_OVERFLOW”: 宏重定义
C:\Windows Kits\10\Include\10.0.19041.0\um\winnt.h(2554): message : 参见“STATUS_STACK_OVERFLOW”的前一个定义
C:\Windows Kits\10\Include\10.0.19041.0\shared\ntstatus.h(4845,1): warning C4005: “STATUS_DLL_NOT_FOUND”: 宏重定义
C:\Windows Kits\10\Include\10.0.19041.0\um\winnt.h(2555): message : 参见“STATUS_DLL_NOT_FOUND”的前一个定义
C:\Windows Kits\10\Include\10.0.19041.0\shared\ntstatus.h(4874,1): warning C4005: “STATUS_ORDINAL_NOT_FOUND”: 宏重定义
C:\Windows Kits\10\Include\10.0.19041.0\um\winnt.h(2556): message : 参见“STATUS_ORDINAL_NOT_FOUND”的前一个定义
C:\Windows Kits\10\Include\10.0.19041.0\shared\ntstatus.h(4884,1): warning C4005: “STATUS_ENTRYPOINT_NOT_FOUND”: 宏重定义
C:\Windows Kits\10\Include\10.0.19041.0\um\winnt.h(2557): message : 参见“STATUS_ENTRYPOINT_NOT_FOUND”的前一个定义
C:\Windows Kits\10\Include\10.0.19041.0\shared\ntstatus.h(4894,1): warning C4005: “STATUS_CONTROL_C_EXIT”: 宏重定义
C:\Windows Kits\10\Include\10.0.19041.0\um\winnt.h(2558): message : 参见“STATUS_CONTROL_C_EXIT”的前一个定义
C:\Windows Kits\10\Include\10.0.19041.0\shared\ntstatus.h(4972,1): warning C4005: “STATUS_DLL_INIT_FAILED”: 宏重定义
C:\Windows Kits\10\Include\10.0.19041.0\um\winnt.h(2559): message : 参见“STATUS_DLL_INIT_FAILED”的前一个定义
C:\Windows Kits\10\Include\10.0.19041.0\shared\ntstatus.h(5969,1): warning C4005: “STATUS_CONTROL_STACK_VIOLATION”: 宏重定义
C:\Windows Kits\10\Include\10.0.19041.0\um\winnt.h(2560): message : 参见“STATUS_CONTROL_STACK_VIOLATION”的前一个定义
C:\Windows Kits\10\Include\10.0.19041.0\shared\ntstatus.h(7527,1): warning C4005: “STATUS_FLOAT_MULTIPLE_FAULTS”: 宏重定义
C:\Windows Kits\10\Include\10.0.19041.0\um\winnt.h(2561): message : 参见“STATUS_FLOAT_MULTIPLE_FAULTS”的前一个定义
C:\Windows Kits\10\Include\10.0.19041.0\shared\ntstatus.h(7537,1): warning C4005: “STATUS_FLOAT_MULTIPLE_TRAPS”: 宏重定义
C:\Windows Kits\10\Include\10.0.19041.0\um\winnt.h(2562): message : 参见“STATUS_FLOAT_MULTIPLE_TRAPS”的前一个定义
C:\Windows Kits\10\Include\10.0.19041.0\shared\ntstatus.h(7669,1): warning C4005: “STATUS_REG_NAT_CONSUMPTION”: 宏重定义
C:\Windows Kits\10\Include\10.0.19041.0\um\winnt.h(2563): message : 参见“STATUS_REG_NAT_CONSUMPTION”的前一个定义
C:\Windows Kits\10\Include\10.0.19041.0\shared\ntstatus.h(8652,1): warning C4005: “STATUS_HEAP_CORRUPTION”: 宏重定义
C:\Windows Kits\10\Include\10.0.19041.0\um\winnt.h(2564): message : 参见“STATUS_HEAP_CORRUPTION”的前一个定义
C:\Windows Kits\10\Include\10.0.19041.0\shared\ntstatus.h(8880,1): warning C4005: “STATUS_STACK_BUFFER_OVERRUN”: 宏重定义
C:\Windows Kits\10\Include\10.0.19041.0\um\winnt.h(2565): message : 参见“STATUS_STACK_BUFFER_OVERRUN”的前一个定义
C:\Windows Kits\10\Include\10.0.19041.0\shared\ntstatus.h(9007,1): warning C4005: “STATUS_INVALID_CRUNTIME_PARAMETER”: 宏重定义
C:\Windows Kits\10\Include\10.0.19041.0\um\winnt.h(2566): message : 参见“STATUS_INVALID_CRUNTIME_PARAMETER”的前一个定义
C:\Windows Kits\10\Include\10.0.19041.0\shared\ntstatus.h(9070,1): warning C4005: “STATUS_ASSERTION_FAILURE”: 宏重定义
C:\Windows Kits\10\Include\10.0.19041.0\um\winnt.h(2567): message : 参见“STATUS_ASSERTION_FAILURE”的前一个定义
C:\Windows Kits\10\Include\10.0.19041.0\shared\ntstatus.h(9988,1): warning C4005: “STATUS_ENCLAVE_VIOLATION”: 宏重定义
C:\Windows Kits\10\Include\10.0.19041.0\um\winnt.h(2568): message : 参见“STATUS_ENCLAVE_VIOLATION”的前一个定义
C:\Windows Kits\10\Include\10.0.19041.0\shared\ntstatus.h(10415,1): warning C4005: “STATUS_INTERRUPTED”: 宏重定义
C:\Windows Kits\10\Include\10.0.19041.0\um\winnt.h(2569): message : 参见“STATUS_INTERRUPTED”的前一个定义
C:\Windows Kits\10\Include\10.0.19041.0\shared\ntstatus.h(10424,1): warning C4005: “STATUS_THREAD_NOT_RUNNING”: 宏重定义
C:\Windows Kits\10\Include\10.0.19041.0\um\winnt.h(2570): message : 参见“STATUS_THREAD_NOT_RUNNING”的前一个定义
C:\Windows Kits\10\Include\10.0.19041.0\shared\ntstatus.h(10718,1): warning C4005: “STATUS_ALREADY_REGISTERED”: 宏重定义
C:\Windows Kits\10\Include\10.0.19041.0\um\winnt.h(2571): message : 参见“STATUS_ALREADY_REGISTERED”的前一个定义
C:\Windows Kits\10\Include\10.0.19041.0\shared\ntstatus.h(14352,1): warning C4005: “STATUS_SXS_EARLY_DEACTIVATION”: 宏重定义
C:\Windows Kits\10\Include\10.0.19041.0\um\winnt.h(2573): message : 参见“STATUS_SXS_EARLY_DEACTIVATION”的前一个定义
C:\Windows Kits\10\Include\10.0.19041.0\shared\ntstatus.h(14361,1): warning C4005: “STATUS_SXS_INVALID_DEACTIVATION”: 宏重定义
C:\Windows Kits\10\Include\10.0.19041.0\um\winnt.h(2574): message : 参见“STATUS_SXS_INVALID_DEACTIVATION”的前一个定义
C:\DriverCodes\HideDriver\NickolasZhao\DiviceClient\Example.c(70,3): warning C4473: “printf”: 没有为格式字符串传递足够的参数
C:\DriverCodes\HideDriver\NickolasZhao\DiviceClient\Example.c(70,3): message : 占位符和其参数预计 1 可变参数，但提供的却是 0 参数
C:\DriverCodes\HideDriver\NickolasZhao\DiviceClient\Example.c(70,3): message : 缺失的可变参数 1 为格式字符串“%d”所需
C:\DriverCodes\HideDriver\NickolasZhao\DiviceClient\Example.c(155,29): warning C4028: 形参 2 与声明不同
C:\DriverCodes\HideDriver\NickolasZhao\DiviceClient\Example.c(155,37): warning C4047: “函数”:“LPARAM”与“FWindowInfo *”的间接级别不同
C:\DriverCodes\HideDriver\NickolasZhao\DiviceClient\Example.c(155,31): warning C4024: “EnumWindows”: 形参和实参 2 的类型不同
C:\DriverCodes\HideDriver\NickolasZhao\DiviceClient\Example.c(162,3): warning C4477: “printf”: 格式字符串“%d”需要类型“int”的参数，但可变参数 2 拥有了类型“HWND”
C:\DriverCodes\HideDriver\NickolasZhao\DiviceClient\Example.c(233,3): warning C4033: “AllocateMem”必须返回值
C:\DriverCodes\HideDriver\NickolasZhao\DiviceClient\Example.c(236,13): warning C4047: “return”:“PUCHAR”与“ULONG64”的间接级别不同
C:\DriverCodes\HideDriver\NickolasZhao\DiviceClient\Example.c(247,32): warning C4022: “_PhyWriteMemory”: 指针与实参 2 不匹配
C:\DriverCodes\HideDriver\NickolasZhao\DiviceClient\Example.c(254,32): warning C4022: “_CreateMyThread”: 指针与实参 2 不匹配
C:\DriverCodes\HideDriver\NickolasZhao\DiviceClient\Example.c(326,59): warning C4047: “函数”:“ULONG64”与“PCHAR”的间接级别不同
C:\DriverCodes\HideDriver\NickolasZhao\DiviceClient\Example.c(326,49): warning C4024: “_GetModuleExportAddr2”: 形参和实参 2 的类型不同
C:\DriverCodes\HideDriver\NickolasZhao\DiviceClient\Example.c(342,3): warning C4033: “CHANGE_MEMORY_ATTR”必须返回值
  ntp_client.c
C:\DriverCodes\HideDriver\NickolasZhao\DiviceClient\ntp_client\ntp_client.c(63,18): warning C4244: “函数”: 从“time_t”转换到“unsigned int”，可能丢失数据
C:\DriverCodes\HideDriver\NickolasZhao\DiviceClient\ntp_client\ntp_client.c(88,63): warning C4133: “函数”: 从“timeval *”到“const timeval *”的类型不兼容
C:\DriverCodes\HideDriver\NickolasZhao\DiviceClient\ntp_client\ntp_client.c(48,18): warning C4101: “rc”: 未引用的局部变量
  Service.c
C:\DriverCodes\HideDriver\NickolasZhao\DiviceClient\service\Service.c(33,3): warning C4013: “printf”未定义；假设外部返回 int
C:\DriverCodes\HideDriver\NickolasZhao\DiviceClient\service\Service.c(66,37): warning C4047: “函数”:“DWORD”与“void *”的间接级别不同
C:\DriverCodes\HideDriver\NickolasZhao\DiviceClient\service\Service.c(66,33): warning C4024: “StartServiceW”: 形参和实参 2 的类型不同
    正在创建库 C:\DriverCodes\HideDriver\NickolasZhao\Release\DiviceClient_x86.lib 和对象 C:\DriverCodes\HideDriver\NickolasZhao\Release\DiviceClient_x86.exp
  正在生成代码
  Previous IPDB not found, fall back to full compilation.
C:\DriverCodes\HideDriver\NickolasZhao\DiviceClient\Example.c(237): warning C4715: “AllocateMem”: 不是所有的控件路径都返回值
  All 67 functions were compiled because no usable IPDB/IOBJ from previous compilation was found.
  已完成代码的生成
  DiviceClient.vcxproj -> C:\DriverCodes\HideDriver\NickolasZhao\Release\DiviceClient_x86.exe
