c:\drivercodes\hidedriver\nickolaszhao\diviceclient\release\vc142.pdb
c:\drivercodes\hidedriver\nickolaszhao\diviceclient\release\service.obj
c:\drivercodes\hidedriver\nickolaszhao\diviceclient\release\ntp_client.obj
c:\drivercodes\hidedriver\nickolaszhao\diviceclient\release\example.obj
c:\drivercodes\hidedriver\nickolaszhao\diviceclient\release\main.obj
c:\drivercodes\hidedriver\nickolaszhao\diviceclient\release\inject.obj
c:\drivercodes\hidedriver\nickolaszhao\diviceclient\release\commr3.obj
c:\drivercodes\hidedriver\nickolaszhao\diviceclient\release\caller.obj
c:\drivercodes\hidedriver\nickolaszhao\diviceclient\release\aes.obj
c:\drivercodes\hidedriver\nickolaszhao\release\diviceclient.lib
c:\drivercodes\hidedriver\nickolaszhao\release\diviceclient.exp
c:\drivercodes\hidedriver\nickolaszhao\release\diviceclient.exe
c:\drivercodes\hidedriver\nickolaszhao\diviceclient\release\diviceclient.ipdb
c:\drivercodes\hidedriver\nickolaszhao\diviceclient\release\diviceclient.iobj
c:\drivercodes\hidedriver\nickolaszhao\release\diviceclient.pdb
c:\drivercodes\hidedriver\nickolaszhao\diviceclient\release\diviceclient.tlog\cl.command.1.tlog
c:\drivercodes\hidedriver\nickolaszhao\diviceclient\release\diviceclient.tlog\cl.read.1.tlog
c:\drivercodes\hidedriver\nickolaszhao\diviceclient\release\diviceclient.tlog\cl.write.1.tlog
c:\drivercodes\hidedriver\nickolaszhao\diviceclient\release\diviceclient.tlog\diviceclient.write.1u.tlog
c:\drivercodes\hidedriver\nickolaszhao\diviceclient\release\diviceclient.tlog\link.command.1.tlog
c:\drivercodes\hidedriver\nickolaszhao\diviceclient\release\diviceclient.tlog\link.read.1.tlog
c:\drivercodes\hidedriver\nickolaszhao\diviceclient\release\diviceclient.tlog\link.write.1.tlog
