  aes.c
C:\DriverCodes\HideDriver\驱动隐藏\cm\comm\aes.c(1,1): warning C4819: 该文件包含不能在当前代码页(936)中表示的字符。请将该文件保存为 Unicode 格式以防止数据丢失
  CommR3.c
C:\DriverCodes\HideDriver\驱动隐藏\cm\comm\structs.h(36,2): warning C4091: “typedef ”: 没有声明变量时忽略“_COMM_TYPE”的左侧
C:\DriverCodes\HideDriver\驱动隐藏\cm\comm\CommR3.c(34,18): warning C4244: “函数”: 从“time_t”转换到“unsigned int”，可能丢失数据
C:\DriverCodes\HideDriver\驱动隐藏\cm\comm\CommR3.c(47,64): warning C4244: “=”: 从“INT64”转换到“BOOL”，可能丢失数据
  lib.c
C:\DriverCodes\HideDriver\驱动隐藏\cm\comm\structs.h(36,2): warning C4091: “typedef ”: 没有声明变量时忽略“_COMM_TYPE”的左侧
C:\DriverCodes\HideDriver\驱动隐藏\cm\comm\lib.c(28,18): warning C4090: “函数”: 不同的“const”限定符
C:\DriverCodes\HideDriver\驱动隐藏\cm\comm\lib.c(29,22): warning C4090: “函数”: 不同的“const”限定符
C:\DriverCodes\HideDriver\驱动隐藏\cm\comm\lib.c(113,43): warning C4013: “GenerateRandomString”未定义；假设外部返回 int
C:\DriverCodes\HideDriver\驱动隐藏\cm\comm\lib.c(152,37): warning C4047: “函数”:“DWORD”与“void *”的间接级别不同
C:\DriverCodes\HideDriver\驱动隐藏\cm\comm\lib.c(152,33): warning C4024: “StartServiceW”: 形参和实参 2 的类型不同
C:\DriverCodes\HideDriver\驱动隐藏\cm\comm\lib.c(113,1): warning C4047: “初始化”:“PCHAR”与“int”的间接级别不同
C:\DriverCodes\HideDriver\驱动隐藏\cm\comm\lib.c(188,32): warning C4013: “DriverComm”未定义；假设外部返回 int
C:\DriverCodes\HideDriver\驱动隐藏\cm\comm\lib.c(202,68): warning C4028: 形参 4 与声明不同
C:\DriverCodes\HideDriver\驱动隐藏\cm\comm\lib.c(203,1): warning C4029: 声明的形参表不同于定义
C:\DriverCodes\HideDriver\驱动隐藏\cm\comm\lib.c(234,52): warning C4028: 形参 3 与声明不同
C:\DriverCodes\HideDriver\驱动隐藏\cm\comm\lib.c(235,1): warning C4029: 声明的形参表不同于定义
C:\DriverCodes\HideDriver\驱动隐藏\cm\comm\lib.c(347,33): warning C4047: “=”:“PULONG64”与“PVOID *”的间接级别不同
  cm.vcxproj -> C:\DriverCodes\HideDriver\驱动隐藏\Release\cm.lib
