  Building 'SSS_Drivers' with toolset 'WindowsKernelModeDriver10.0' and the 'Desktop' target platform.
  Comm.cpp
C:\DriverCodes\HideDriver\驱动隐藏\SSS_Drivers\Comm\CommStructs.h(41,2): error C2220: 以下警告被视为错误
C:\DriverCodes\HideDriver\驱动隐藏\SSS_Drivers\Comm\CommStructs.h(41,2): warning C4091: “typedef ”: 没有声明变量时忽略“_COMM_TYPE”的左侧
  DrvEntry.cpp
C:\DriverCodes\HideDriver\驱动隐藏\SSS_Drivers\Comm\CommStructs.h(41,2): error C2220: 以下警告被视为错误
C:\DriverCodes\HideDriver\驱动隐藏\SSS_Drivers\Comm\CommStructs.h(41,2): warning C4091: “typedef ”: 没有声明变量时忽略“_COMM_TYPE”的左侧
C:\DriverCodes\HideDriver\驱动隐藏\SSS_Drivers\Process\Process.h(180,10): warning C4201: 使用了非标准扩展: 无名称的结构/联合
C:\DriverCodes\HideDriver\驱动隐藏\SSS_Drivers\Process\Process.h(236,10): warning C4201: 使用了非标准扩展: 无名称的结构/联合
C:\DriverCodes\HideDriver\驱动隐藏\SSS_Drivers\DrvEntry.cpp(139,75): warning C4100: “reg”: 未引用的形参
  hde64.cpp
  hook.cpp
C:\DriverCodes\HideDriver\驱动隐藏\SSS_Drivers\infinity_hook_pro\hook.cpp(1,1): error C2220: 以下警告被视为错误
C:\DriverCodes\HideDriver\驱动隐藏\SSS_Drivers\infinity_hook_pro\hook.cpp(1,1): warning C4819: 该文件包含不能在当前代码页(936)中表示的字符。请将该文件保存为 Unicode 格式以防止数据丢失
C:\DriverCodes\HideDriver\驱动隐藏\SSS_Drivers\infinity_hook_pro\hook.cpp(163,39): error C3861: “__readgsqword”: 找不到标识符
C:\DriverCodes\HideDriver\驱动隐藏\SSS_Drivers\infinity_hook_pro\hook.cpp(171,30): error C3861: “__readgsqword”: 找不到标识符
  Memory.cpp
C:\DriverCodes\HideDriver\驱动隐藏\SSS_Drivers\Memmory\PMemory.h(44,3): error C2220: 以下警告被视为错误
C:\DriverCodes\HideDriver\驱动隐藏\SSS_Drivers\Memmory\PMemory.h(44,3): warning C4201: 使用了非标准扩展: 无名称的结构/联合
C:\DriverCodes\HideDriver\驱动隐藏\SSS_Drivers\Memmory\PMemory.h(58,5): warning C4201: 使用了非标准扩展: 无名称的结构/联合
C:\DriverCodes\HideDriver\驱动隐藏\SSS_Drivers\Memmory\PMemory.h(69,5): warning C4201: 使用了非标准扩展: 无名称的结构/联合
C:\DriverCodes\HideDriver\驱动隐藏\SSS_Drivers\Memmory\PMemory.h(96,3): warning C4201: 使用了非标准扩展: 无名称的结构/联合
C:\DriverCodes\HideDriver\驱动隐藏\SSS_Drivers\Memmory\PMemory.h(113,3): warning C4201: 使用了非标准扩展: 无名称的结构/联合
C:\DriverCodes\HideDriver\驱动隐藏\SSS_Drivers\Memmory\PMemory.h(133,3): warning C4201: 使用了非标准扩展: 无名称的结构/联合
C:\DriverCodes\HideDriver\驱动隐藏\SSS_Drivers\Memmory\PMemory.h(149,3): warning C4201: 使用了非标准扩展: 无名称的结构/联合
C:\DriverCodes\HideDriver\驱动隐藏\SSS_Drivers\Memmory\PMemory.h(166,3): warning C4201: 使用了非标准扩展: 无名称的结构/联合
C:\DriverCodes\HideDriver\驱动隐藏\SSS_Drivers\Memmory\PMemory.h(182,3): warning C4201: 使用了非标准扩展: 无名称的结构/联合
C:\DriverCodes\HideDriver\驱动隐藏\SSS_Drivers\Memmory\PMemory.h(198,3): warning C4201: 使用了非标准扩展: 无名称的结构/联合
C:\DriverCodes\HideDriver\驱动隐藏\SSS_Drivers\Memmory\PMemory.h(231,4): warning C4201: 使用了非标准扩展: 无名称的结构/联合
C:\DriverCodes\HideDriver\驱动隐藏\SSS_Drivers\Memmory\PMemory.h(237,4): warning C4201: 使用了非标准扩展: 无名称的结构/联合
C:\DriverCodes\HideDriver\驱动隐藏\SSS_Drivers\Memmory\PMemory.h(245,4): warning C4201: 使用了非标准扩展: 无名称的结构/联合
C:\DriverCodes\HideDriver\驱动隐藏\SSS_Drivers\Memmory\PMemory.h(258,3): warning C4201: 使用了非标准扩展: 无名称的结构/联合
C:\DriverCodes\HideDriver\驱动隐藏\SSS_Drivers\Memmory\PMemory.h(271,3): warning C4201: 使用了非标准扩展: 无名称的结构/联合
C:\DriverCodes\HideDriver\驱动隐藏\SSS_Drivers\Memmory\PMemory.h(285,5): warning C4201: 使用了非标准扩展: 无名称的结构/联合
C:\DriverCodes\HideDriver\驱动隐藏\SSS_Drivers\Memmory\PMemory.h(297,5): warning C4201: 使用了非标准扩展: 无名称的结构/联合
C:\DriverCodes\HideDriver\驱动隐藏\SSS_Drivers\Memmory\PMemory.h(322,7): warning C4201: 使用了非标准扩展: 无名称的结构/联合
C:\DriverCodes\HideDriver\驱动隐藏\SSS_Drivers\Memmory\PMemory.h(332,4): warning C4201: 使用了非标准扩展: 无名称的结构/联合
C:\DriverCodes\HideDriver\驱动隐藏\SSS_Drivers\Memmory\PMemory.h(344,5): warning C4201: 使用了非标准扩展: 无名称的结构/联合
C:\DriverCodes\HideDriver\驱动隐藏\SSS_Drivers\Memmory\PMemory.h(372,5): warning C4201: 使用了非标准扩展: 无名称的结构/联合
C:\DriverCodes\HideDriver\驱动隐藏\SSS_Drivers\Memmory\Memory.cpp(96,148): error C2664: “NTSTATUS imports::mm_copy_virtual_memory(PEPROCESS,PVOID,PEPROCESS,PVOID,SIZE_T,KPROCESSOR_MODE,PSIZE_T)”: 无法将参数 7 从“ULONG64 *”转换为“PSIZE_T”
C:\DriverCodes\HideDriver\驱动隐藏\SSS_Drivers\Memmory\Memory.cpp(96,140): message : 与指向的类型无关；强制转换要求 reinterpret_cast、C 样式强制转换或函数样式强制转换
C:\DriverCodes\HideDriver\驱动隐藏\SSS_Drivers\tools\imports.h(195,21): message : 参见“imports::mm_copy_virtual_memory”的声明
C:\DriverCodes\HideDriver\驱动隐藏\SSS_Drivers\Memmory\Memory.cpp(150,152): error C2664: “NTSTATUS imports::mm_copy_virtual_memory(PEPROCESS,PVOID,PEPROCESS,PVOID,SIZE_T,KPROCESSOR_MODE,PSIZE_T)”: 无法将参数 7 从“ULONG64 *”转换为“PSIZE_T”
C:\DriverCodes\HideDriver\驱动隐藏\SSS_Drivers\Memmory\Memory.cpp(150,144): message : 与指向的类型无关；强制转换要求 reinterpret_cast、C 样式强制转换或函数样式强制转换
C:\DriverCodes\HideDriver\驱动隐藏\SSS_Drivers\tools\imports.h(195,21): message : 参见“imports::mm_copy_virtual_memory”的声明
C:\DriverCodes\HideDriver\驱动隐藏\SSS_Drivers\Memmory\Memory.cpp(164,154): error C2664: “NTSTATUS imports::mm_copy_virtual_memory(PEPROCESS,PVOID,PEPROCESS,PVOID,SIZE_T,KPROCESSOR_MODE,PSIZE_T)”: 无法将参数 7 从“ULONG64 *”转换为“PSIZE_T”
C:\DriverCodes\HideDriver\驱动隐藏\SSS_Drivers\Memmory\Memory.cpp(164,146): message : 与指向的类型无关；强制转换要求 reinterpret_cast、C 样式强制转换或函数样式强制转换
C:\DriverCodes\HideDriver\驱动隐藏\SSS_Drivers\tools\imports.h(195,21): message : 参见“imports::mm_copy_virtual_memory”的声明
C:\DriverCodes\HideDriver\驱动隐藏\SSS_Drivers\Memmory\Memory.cpp(354,36): warning C4305: “=”: 从“unsigned __int64”到“ULONG_PTR”截断
C:\DriverCodes\HideDriver\驱动隐藏\SSS_Drivers\Memmory\Memory.cpp(354,15): warning C4309: “=”: 截断常量值
C:\DriverCodes\HideDriver\驱动隐藏\SSS_Drivers\Memmory\Memory.cpp(363,15): warning C4244: “=”: 从“unsigned __int64”转换到“ULONG_PTR”，可能丢失数据
  PMemory.cpp
C:\DriverCodes\HideDriver\驱动隐藏\SSS_Drivers\Memmory\PMemory.h(44,3): error C2220: 以下警告被视为错误
C:\DriverCodes\HideDriver\驱动隐藏\SSS_Drivers\Memmory\PMemory.h(44,3): warning C4201: 使用了非标准扩展: 无名称的结构/联合
C:\DriverCodes\HideDriver\驱动隐藏\SSS_Drivers\Memmory\PMemory.h(58,5): warning C4201: 使用了非标准扩展: 无名称的结构/联合
C:\DriverCodes\HideDriver\驱动隐藏\SSS_Drivers\Memmory\PMemory.h(69,5): warning C4201: 使用了非标准扩展: 无名称的结构/联合
C:\DriverCodes\HideDriver\驱动隐藏\SSS_Drivers\Memmory\PMemory.h(96,3): warning C4201: 使用了非标准扩展: 无名称的结构/联合
C:\DriverCodes\HideDriver\驱动隐藏\SSS_Drivers\Memmory\PMemory.h(113,3): warning C4201: 使用了非标准扩展: 无名称的结构/联合
C:\DriverCodes\HideDriver\驱动隐藏\SSS_Drivers\Memmory\PMemory.h(133,3): warning C4201: 使用了非标准扩展: 无名称的结构/联合
C:\DriverCodes\HideDriver\驱动隐藏\SSS_Drivers\Memmory\PMemory.h(149,3): warning C4201: 使用了非标准扩展: 无名称的结构/联合
C:\DriverCodes\HideDriver\驱动隐藏\SSS_Drivers\Memmory\PMemory.h(166,3): warning C4201: 使用了非标准扩展: 无名称的结构/联合
C:\DriverCodes\HideDriver\驱动隐藏\SSS_Drivers\Memmory\PMemory.h(182,3): warning C4201: 使用了非标准扩展: 无名称的结构/联合
C:\DriverCodes\HideDriver\驱动隐藏\SSS_Drivers\Memmory\PMemory.h(198,3): warning C4201: 使用了非标准扩展: 无名称的结构/联合
C:\DriverCodes\HideDriver\驱动隐藏\SSS_Drivers\Memmory\PMemory.h(231,4): warning C4201: 使用了非标准扩展: 无名称的结构/联合
C:\DriverCodes\HideDriver\驱动隐藏\SSS_Drivers\Memmory\PMemory.h(237,4): warning C4201: 使用了非标准扩展: 无名称的结构/联合
C:\DriverCodes\HideDriver\驱动隐藏\SSS_Drivers\Memmory\PMemory.h(245,4): warning C4201: 使用了非标准扩展: 无名称的结构/联合
C:\DriverCodes\HideDriver\驱动隐藏\SSS_Drivers\Memmory\PMemory.h(258,3): warning C4201: 使用了非标准扩展: 无名称的结构/联合
C:\DriverCodes\HideDriver\驱动隐藏\SSS_Drivers\Memmory\PMemory.h(271,3): warning C4201: 使用了非标准扩展: 无名称的结构/联合
C:\DriverCodes\HideDriver\驱动隐藏\SSS_Drivers\Memmory\PMemory.h(285,5): warning C4201: 使用了非标准扩展: 无名称的结构/联合
C:\DriverCodes\HideDriver\驱动隐藏\SSS_Drivers\Memmory\PMemory.h(297,5): warning C4201: 使用了非标准扩展: 无名称的结构/联合
C:\DriverCodes\HideDriver\驱动隐藏\SSS_Drivers\Memmory\PMemory.h(322,7): warning C4201: 使用了非标准扩展: 无名称的结构/联合
C:\DriverCodes\HideDriver\驱动隐藏\SSS_Drivers\Memmory\PMemory.h(332,4): warning C4201: 使用了非标准扩展: 无名称的结构/联合
C:\DriverCodes\HideDriver\驱动隐藏\SSS_Drivers\Memmory\PMemory.h(344,5): warning C4201: 使用了非标准扩展: 无名称的结构/联合
C:\DriverCodes\HideDriver\驱动隐藏\SSS_Drivers\Memmory\PMemory.h(372,5): warning C4201: 使用了非标准扩展: 无名称的结构/联合
C:\DriverCodes\HideDriver\驱动隐藏\SSS_Drivers\Memmory\PMemory.cpp(102,35): warning C4244: “初始化”: 从“LONGLONG”转换到“uintptr_t”，可能丢失数据
C:\DriverCodes\HideDriver\驱动隐藏\SSS_Drivers\Memmory\PMemory.cpp(110,9): error C2664: “NTSTATUS p_memory::PhysReadAddress(PVOID,PVOID,SIZE_T,SIZE_T *)”: 无法将参数 4 从“size_t *”转换为“SIZE_T *”
C:\DriverCodes\HideDriver\驱动隐藏\SSS_Drivers\Memmory\PMemory.cpp(110,11): message : 与指向的类型无关；强制转换要求 reinterpret_cast、C 样式强制转换或函数样式强制转换
C:\DriverCodes\HideDriver\驱动隐藏\SSS_Drivers\Memmory\PMemory.h(390,11): message : 参见“p_memory::PhysReadAddress”的声明
C:\DriverCodes\HideDriver\驱动隐藏\SSS_Drivers\Memmory\PMemory.cpp(117,9): error C2664: “NTSTATUS p_memory::PhysReadAddress(PVOID,PVOID,SIZE_T,SIZE_T *)”: 无法将参数 4 从“size_t *”转换为“SIZE_T *”
C:\DriverCodes\HideDriver\驱动隐藏\SSS_Drivers\Memmory\PMemory.cpp(117,11): message : 与指向的类型无关；强制转换要求 reinterpret_cast、C 样式强制转换或函数样式强制转换
C:\DriverCodes\HideDriver\驱动隐藏\SSS_Drivers\Memmory\PMemory.h(390,11): message : 参见“p_memory::PhysReadAddress”的声明
C:\DriverCodes\HideDriver\驱动隐藏\SSS_Drivers\Memmory\PMemory.cpp(124,9): error C2664: “NTSTATUS p_memory::PhysReadAddress(PVOID,PVOID,SIZE_T,SIZE_T *)”: 无法将参数 4 从“size_t *”转换为“SIZE_T *”
C:\DriverCodes\HideDriver\驱动隐藏\SSS_Drivers\Memmory\PMemory.cpp(124,11): message : 与指向的类型无关；强制转换要求 reinterpret_cast、C 样式强制转换或函数样式强制转换
C:\DriverCodes\HideDriver\驱动隐藏\SSS_Drivers\Memmory\PMemory.h(390,11): message : 参见“p_memory::PhysReadAddress”的声明
C:\DriverCodes\HideDriver\驱动隐藏\SSS_Drivers\Memmory\PMemory.cpp(131,9): error C2664: “NTSTATUS p_memory::PhysReadAddress(PVOID,PVOID,SIZE_T,SIZE_T *)”: 无法将参数 4 从“size_t *”转换为“SIZE_T *”
C:\DriverCodes\HideDriver\驱动隐藏\SSS_Drivers\Memmory\PMemory.cpp(131,11): message : 与指向的类型无关；强制转换要求 reinterpret_cast、C 样式强制转换或函数样式强制转换
C:\DriverCodes\HideDriver\驱动隐藏\SSS_Drivers\Memmory\PMemory.h(390,11): message : 参见“p_memory::PhysReadAddress”的声明
C:\DriverCodes\HideDriver\驱动隐藏\SSS_Drivers\Memmory\PMemory.cpp(280,93): warning C4244: “参数”: 从“ULONG64”转换到“SIZE_T”，可能丢失数据
C:\DriverCodes\HideDriver\驱动隐藏\SSS_Drivers\Memmory\PMemory.cpp(317,21): warning C4457: “written”的声明隐藏了函数参数
C:\DriverCodes\HideDriver\驱动隐藏\SSS_Drivers\Memmory\PMemory.cpp(291,99): message : 参见“written”的声明
C:\DriverCodes\HideDriver\驱动隐藏\SSS_Drivers\Memmory\PMemory.cpp(318,95): warning C4244: “参数”: 从“ULONG64”转换到“SIZE_T”，可能丢失数据
  FakeProcess.cpp
C:\DriverCodes\HideDriver\驱动隐藏\SSS_Drivers\Process\Process.h(180,10): error C2220: 以下警告被视为错误
C:\DriverCodes\HideDriver\驱动隐藏\SSS_Drivers\Process\Process.h(180,10): warning C4201: 使用了非标准扩展: 无名称的结构/联合
C:\DriverCodes\HideDriver\驱动隐藏\SSS_Drivers\Process\Process.h(236,10): warning C4201: 使用了非标准扩展: 无名称的结构/联合
C:\DriverCodes\HideDriver\驱动隐藏\SSS_Drivers\Process\FakeProcess.cpp(301,86): warning C4244: “=”: 从“ULONGLONG”转换到“USHORT”，可能丢失数据
C:\DriverCodes\HideDriver\驱动隐藏\SSS_Drivers\Process\FakeProcess.cpp(302,61): warning C4244: “=”: 从“ULONGLONG”转换到“USHORT”，可能丢失数据
C:\DriverCodes\HideDriver\驱动隐藏\SSS_Drivers\Process\FakeProcess.cpp(322,30): warning C4244: “=”: 从“ULONGLONG”转换到“ULONG_PTR”，可能丢失数据
C:\DriverCodes\HideDriver\驱动隐藏\SSS_Drivers\Process\FakeProcess.cpp(463,25): warning C4456: “status”的声明隐藏了上一个本地声明
C:\DriverCodes\HideDriver\驱动隐藏\SSS_Drivers\Process\FakeProcess.cpp(22,12): message : 参见“status”的声明
C:\DriverCodes\HideDriver\驱动隐藏\SSS_Drivers\Process\FakeProcess.cpp(522,129): warning C4244: “参数”: 从“ULONGLONG”转换到“size_t”，可能丢失数据
C:\DriverCodes\HideDriver\驱动隐藏\SSS_Drivers\Process\FakeProcess.cpp(525,71): warning C4244: “=”: 从“ULONGLONG”转换到“ULONG”，可能丢失数据
C:\DriverCodes\HideDriver\驱动隐藏\SSS_Drivers\Process\FakeProcess.cpp(562,38): warning C4244: “=”: 从“ULONG64”转换到“ULONG”，可能丢失数据
C:\DriverCodes\HideDriver\驱动隐藏\SSS_Drivers\Process\FakeProcess.cpp(105,21): warning C4189: “sourceName”: 局部变量已初始化但不引用
  Process.cpp
C:\DriverCodes\HideDriver\驱动隐藏\SSS_Drivers\Process\Process.h(180,10): error C2220: 以下警告被视为错误
C:\DriverCodes\HideDriver\驱动隐藏\SSS_Drivers\Process\Process.h(180,10): warning C4201: 使用了非标准扩展: 无名称的结构/联合
C:\DriverCodes\HideDriver\驱动隐藏\SSS_Drivers\Process\Process.h(236,10): warning C4201: 使用了非标准扩展: 无名称的结构/联合
C:\DriverCodes\HideDriver\驱动隐藏\SSS_Drivers\Process\Process.cpp(129,37): warning C4244: “=”: 从“ULONG64”转换到“ULONG_PTR”，可能丢失数据
C:\DriverCodes\HideDriver\驱动隐藏\SSS_Drivers\Process\Process.cpp(140,100): warning C4100: “pModuleSize”: 未引用的形参
C:\DriverCodes\HideDriver\驱动隐藏\SSS_Drivers\Process\Process.cpp(140,79): warning C4100: “szModuleName”: 未引用的形参
C:\DriverCodes\HideDriver\驱动隐藏\SSS_Drivers\Process\Process.cpp(140,46): warning C4100: “pTargetEprocess”: 未引用的形参
  ProtectRoute.cpp
C:\DriverCodes\HideDriver\驱动隐藏\SSS_Drivers\Comm\CommStructs.h(41,2): error C2220: 以下警告被视为错误
C:\DriverCodes\HideDriver\驱动隐藏\SSS_Drivers\Comm\CommStructs.h(41,2): warning C4091: “typedef ”: 没有声明变量时忽略“_COMM_TYPE”的左侧
  Protect.cpp
  ProtectWindow.cpp
C:\DriverCodes\HideDriver\驱动隐藏\SSS_Drivers\Comm\CommStructs.h(41,2): error C2220: 以下警告被视为错误
C:\DriverCodes\HideDriver\驱动隐藏\SSS_Drivers\Comm\CommStructs.h(41,2): warning C4091: “typedef ”: 没有声明变量时忽略“_COMM_TYPE”的左侧
C:\DriverCodes\HideDriver\驱动隐藏\SSS_Drivers\ProtectWindow\ProtectWindow.cpp(402,10): warning C4101: “j”: 未引用的局部变量
C:\DriverCodes\HideDriver\驱动隐藏\SSS_Drivers\ProtectWindow\ProtectWindow.cpp(792,12): warning C4189: “status”: 局部变量已初始化但不引用
C:\DriverCodes\HideDriver\驱动隐藏\SSS_Drivers\ProtectWindow\ProtectWindow.cpp(811,37): warning C4245: “return”: 从“NTSTATUS”转换到“ULONG”，有符号/无符号不匹配
C:\DriverCodes\HideDriver\驱动隐藏\SSS_Drivers\ProtectWindow\ProtectWindow.cpp(831,37): warning C4245: “return”: 从“NTSTATUS”转换到“ULONG”，有符号/无符号不匹配
C:\DriverCodes\HideDriver\驱动隐藏\SSS_Drivers\ProtectWindow\ProtectWindow.cpp(817,7): warning C4189: “datalen”: 局部变量已初始化但不引用
  ProtectWindow7.cpp
C:\DriverCodes\HideDriver\驱动隐藏\SSS_Drivers\ProtectWindow\ProtectWindow7.cpp(74,57): error C2220: 以下警告被视为错误
C:\DriverCodes\HideDriver\驱动隐藏\SSS_Drivers\ProtectWindow\ProtectWindow7.cpp(74,57): warning C4100: “lpwndpl”: 未引用的形参
C:\DriverCodes\HideDriver\驱动隐藏\SSS_Drivers\ProtectWindow\ProtectWindow7.cpp(74,45): warning C4100: “hWnd”: 未引用的形参
C:\DriverCodes\HideDriver\驱动隐藏\SSS_Drivers\ProtectWindow\ProtectWindow7.cpp(79,54): warning C4100: “pti”: 未引用的形参
C:\DriverCodes\HideDriver\驱动隐藏\SSS_Drivers\ProtectWindow\ProtectWindow7.cpp(79,42): warning C4100: “hwnd”: 未引用的形参
C:\DriverCodes\HideDriver\驱动隐藏\SSS_Drivers\ProtectWindow\ProtectWindow7.cpp(84,70): warning C4100: “psbi”: 未引用的形参
C:\DriverCodes\HideDriver\驱动隐藏\SSS_Drivers\ProtectWindow\ProtectWindow7.cpp(84,54): warning C4100: “idObject”: 未引用的形参
C:\DriverCodes\HideDriver\驱动隐藏\SSS_Drivers\ProtectWindow\ProtectWindow7.cpp(84,43): warning C4100: “hWnd”: 未引用的形参
C:\DriverCodes\HideDriver\驱动隐藏\SSS_Drivers\ProtectWindow\ProtectWindow7.cpp(541,10): warning C4101: “j”: 未引用的局部变量
C:\DriverCodes\HideDriver\驱动隐藏\SSS_Drivers\ProtectWindow\ProtectWindow7.cpp(731,12): warning C4189: “status”: 局部变量已初始化但不引用
  Functions.cpp
C:\DriverCodes\HideDriver\驱动隐藏\SSS_Drivers\SSDT\Functions.cpp(55,41): error C2220: 以下警告被视为错误
C:\DriverCodes\HideDriver\驱动隐藏\SSS_Drivers\SSDT\Functions.cpp(55,41): warning C4244: “=”: 从“MODE”转换到“UCHAR”，可能丢失数据
  ssdt.cpp
  SThread.cpp
  crt.cpp
  imports.cpp
  Utils.cpp
C:\DriverCodes\HideDriver\驱动隐藏\SSS_Drivers\tools\Utils.cpp(60,11): error C2220: 以下警告被视为错误
C:\DriverCodes\HideDriver\驱动隐藏\SSS_Drivers\tools\Utils.cpp(60,11): warning C4189: “lpFuncs”: 局部变量已初始化但不引用
C:\DriverCodes\HideDriver\驱动隐藏\SSS_Drivers\tools\Utils.cpp(249,44): warning C4244: “=”: 从“ULONGLONG”转换到“uintptr_t”，可能丢失数据
  正在生成代码...
